This file contains any messages produced by compilers while
running configure, to aid debugging if configure makes a mistake.

It was created by MIT/GNU Scheme configure 9.2, which was
generated by GNU Autoconf 2.69.  Invocation command line was

  $ ./configure --enable-native-code=x86-64 --with-mcrypt=no --with-libpq=no --with-db-4=no

## --------- ##
## Platform. ##
## --------- ##

hostname = omerie.chris-hanson.org
uname -m = x86_64
uname -r = 13.1.0
uname -s = Darwin
uname -v = Darwin Kernel Version 13.1.0: Thu Jan 16 19:40:37 PST 2014; root:xnu-2422.90.20~2/RELEASE_X86_64

/usr/bin/uname -p = i386
/bin/uname -X     = unknown

/bin/arch              = unknown
/usr/bin/arch -k       = unknown
/usr/convex/getsysinfo = unknown
/usr/bin/hostinfo      = Mach kernel version:
	 Darwin Kernel Version 13.1.0: Thu Jan 16 19:40:37 PST 2014; root:xnu-2422.90.20~2/RELEASE_X86_64
Kernel configured for up to 8 processors.
4 processors are physically available.
8 processors are logically available.
Processor type: i486 (Intel 80486)
Processors active: 0 1 2 3 4 5 6 7
Primary memory available: 16.00 gigabytes
Default processor set: 355 tasks, 1761 threads, 8 processors
Load average: 3.00, Mach factor: 4.99
/bin/machine           = unknown
/usr/bin/oslevel       = unknown
/bin/universe          = unknown

PATH: /Users/cph/bin
PATH: /usr/bin
PATH: /bin
PATH: /usr/sbin
PATH: /sbin
PATH: /usr/local/bin
PATH: /opt/X11/bin
PATH: /usr/texbin
PATH: /usr/local/git/bin


## ----------- ##
## Core tests. ##
## ----------- ##

configure:2055: checking whether make sets $(MAKE)
configure:2077: result: yes
configure:2149: checking build system type
configure:2163: result: i386-apple-darwin13.1.0
configure:2183: checking host system type
configure:2196: result: i386-apple-darwin13.1.0
configure:2265: checking for gcc
configure:2281: found /usr/bin/gcc
configure:2292: result: gcc
configure:2521: checking for C compiler version
configure:2530: gcc --version >&5
Apple LLVM version 5.1 (clang-503.0.40) (based on LLVM 3.4svn)
Target: x86_64-apple-darwin13.1.0
Thread model: posix
Configured with: --prefix=/Applications/Xcode.app/Contents/Developer/usr --with-gxx-include-dir=/Applications/Xcode.app/Contents/Developer/Platforms/MacOSX.platform/Developer/SDKs/MacOSX10.9.sdk/usr/include/c++/4.2.1
configure:2541: $? = 0
configure:2530: gcc -v >&5
Configured with: --prefix=/Applications/Xcode.app/Contents/Developer/usr --with-gxx-include-dir=/Applications/Xcode.app/Contents/Developer/Platforms/MacOSX.platform/Developer/SDKs/MacOSX10.9.sdk/usr/include/c++/4.2.1
Apple LLVM version 5.1 (clang-503.0.40) (based on LLVM 3.4svn)
Target: x86_64-apple-darwin13.1.0
Thread model: posix
configure:2541: $? = 0
configure:2530: gcc -V >&5
clang: error: argument to '-V' is missing (expected 1 value)
clang: error: no input files
configure:2541: $? = 1
configure:2530: gcc -qversion >&5
clang: error: unknown argument: '-qversion' [-Wunused-command-line-argument-hard-error-in-future]
clang: note: this will be a hard error (cannot be downgraded to a warning) in the future
clang: error: no input files
configure:2541: $? = 1
configure:2561: checking whether the C compiler works
configure:2583: gcc    conftest.c  >&5
configure:2587: $? = 0
configure:2635: result: yes
configure:2638: checking for C compiler default output file name
configure:2640: result: a.out
configure:2646: checking for suffix of executables
configure:2653: gcc -o conftest    conftest.c  >&5
configure:2657: $? = 0
configure:2679: result: 
configure:2701: checking whether we are cross compiling
configure:2709: gcc -o conftest    conftest.c  >&5
configure:2713: $? = 0
configure:2720: ./conftest
configure:2724: $? = 0
configure:2739: result: no
configure:2744: checking for suffix of object files
configure:2766: gcc -c   conftest.c >&5
configure:2770: $? = 0
configure:2791: result: o
configure:2795: checking whether we are using the GNU C compiler
configure:2814: gcc -c   conftest.c >&5
configure:2814: $? = 0
configure:2823: result: yes
configure:2832: checking whether gcc accepts -g
configure:2852: gcc -c -g  conftest.c >&5
configure:2852: $? = 0
configure:2893: result: yes
configure:2910: checking for gcc option to accept ISO C89
configure:2973: gcc  -c -g -O2  conftest.c >&5
configure:2973: $? = 0
configure:2986: result: none needed
configure:3012: checking how to run the C preprocessor
configure:3043: gcc -E  conftest.c
configure:3043: $? = 0
configure:3057: gcc -E  conftest.c
conftest.c:9:10: fatal error: 'ac_nonexistent.h' file not found
#include <ac_nonexistent.h>
         ^
1 error generated.
configure:3057: $? = 1
configure: failed program was:
| /* confdefs.h */
| #define PACKAGE_NAME "MIT/GNU Scheme"
| #define PACKAGE_TARNAME "mit-scheme"
| #define PACKAGE_VERSION "9.2"
| #define PACKAGE_STRING "MIT/GNU Scheme 9.2"
| #define PACKAGE_BUGREPORT "bug-mit-scheme@gnu.org"
| #define PACKAGE_URL ""
| /* end confdefs.h.  */
| #include <ac_nonexistent.h>
configure:3082: result: gcc -E
configure:3102: gcc -E  conftest.c
configure:3102: $? = 0
configure:3116: gcc -E  conftest.c
conftest.c:9:10: fatal error: 'ac_nonexistent.h' file not found
#include <ac_nonexistent.h>
         ^
1 error generated.
configure:3116: $? = 1
configure: failed program was:
| /* confdefs.h */
| #define PACKAGE_NAME "MIT/GNU Scheme"
| #define PACKAGE_TARNAME "mit-scheme"
| #define PACKAGE_VERSION "9.2"
| #define PACKAGE_STRING "MIT/GNU Scheme 9.2"
| #define PACKAGE_BUGREPORT "bug-mit-scheme@gnu.org"
| #define PACKAGE_URL ""
| /* end confdefs.h.  */
| #include <ac_nonexistent.h>
configure:3145: checking for grep that handles long lines and -e
configure:3203: result: /usr/bin/grep
configure:3208: checking for egrep
configure:3270: result: /usr/bin/grep -E
configure:3275: checking for ANSI C header files
configure:3295: gcc -c -g -O2  conftest.c >&5
configure:3295: $? = 0
configure:3368: gcc -o conftest -g -O2   conftest.c  >&5
configure:3368: $? = 0
configure:3368: ./conftest
configure:3368: $? = 0
configure:3379: result: yes
configure:3392: checking for sys/types.h
configure:3392: gcc -c -g -O2  conftest.c >&5
configure:3392: $? = 0
configure:3392: result: yes
configure:3392: checking for sys/stat.h
configure:3392: gcc -c -g -O2  conftest.c >&5
configure:3392: $? = 0
configure:3392: result: yes
configure:3392: checking for stdlib.h
configure:3392: gcc -c -g -O2  conftest.c >&5
configure:3392: $? = 0
configure:3392: result: yes
configure:3392: checking for string.h
configure:3392: gcc -c -g -O2  conftest.c >&5
configure:3392: $? = 0
configure:3392: result: yes
configure:3392: checking for memory.h
configure:3392: gcc -c -g -O2  conftest.c >&5
configure:3392: $? = 0
configure:3392: result: yes
configure:3392: checking for strings.h
configure:3392: gcc -c -g -O2  conftest.c >&5
configure:3392: $? = 0
configure:3392: result: yes
configure:3392: checking for inttypes.h
configure:3392: gcc -c -g -O2  conftest.c >&5
configure:3392: $? = 0
configure:3392: result: yes
configure:3392: checking for stdint.h
configure:3392: gcc -c -g -O2  conftest.c >&5
configure:3392: $? = 0
configure:3392: result: yes
configure:3392: checking for unistd.h
configure:3392: gcc -c -g -O2  conftest.c >&5
configure:3392: $? = 0
configure:3392: result: yes
configure:3424: checking for native-code support
configure:3489: result: yes, for x86-64
configure:3529: checking for an existing MIT/GNU Scheme installation
configure:3554: result: yes, using mit-scheme-x86-64
configure:3609: checking for a BSD-compatible install
configure:3677: result: /usr/bin/install -c
configure:3688: checking whether ln -s works
configure:3692: result: yes
configure:3862: creating ./config.status

## ---------------------- ##
## Running config.status. ##
## ---------------------- ##

This file was extended by MIT/GNU Scheme config.status 9.2, which was
generated by GNU Autoconf 2.69.  Invocation command line was

  CONFIG_FILES    = 
  CONFIG_HEADERS  = 
  CONFIG_LINKS    = 
  CONFIG_COMMANDS = 
  $ ./config.status 

on omerie.chris-hanson.org

config.status:763: creating Makefile
config.status:763: creating Makefile.tools
config.status:763: creating 6001/Makefile
config.status:763: creating compiler/Makefile
config.status:763: creating cref/Makefile
config.status:763: creating edwin/Makefile
config.status:763: creating ffi/Makefile
config.status:763: creating imail/Makefile
config.status:763: creating runtime/Makefile
config.status:763: creating sf/Makefile
config.status:763: creating sos/Makefile
config.status:763: creating ssp/Makefile
config.status:763: creating star-parser/Makefile
config.status:763: creating win32/Makefile
config.status:763: creating xdoc/Makefile
config.status:763: creating xml/Makefile
configure:4954: === configuring in microcode (/Users/cph/Software/mit-scheme/release-9.2/mit-scheme-9.2/src/microcode)
configure:5017: running /bin/sh ./configure --disable-option-checking '--prefix=/usr/local'  '--enable-native-code=x86-64' '--with-mcrypt=no' '--with-libpq=no' '--with-db-4=no' --cache-file=/dev/null --srcdir=.

## ---------------- ##
## Cache variables. ##
## ---------------- ##

ac_cv_build=i386-apple-darwin13.1.0
ac_cv_c_compiler_gnu=yes
ac_cv_env_CC_set=
ac_cv_env_CC_value=
ac_cv_env_CFLAGS_set=
ac_cv_env_CFLAGS_value=
ac_cv_env_CPPFLAGS_set=
ac_cv_env_CPPFLAGS_value=
ac_cv_env_CPP_set=
ac_cv_env_CPP_value=
ac_cv_env_LDFLAGS_set=
ac_cv_env_LDFLAGS_value=
ac_cv_env_LIBS_set=
ac_cv_env_LIBS_value=
ac_cv_env_build_alias_set=
ac_cv_env_build_alias_value=
ac_cv_env_host_alias_set=
ac_cv_env_host_alias_value=
ac_cv_env_target_alias_set=
ac_cv_env_target_alias_value=
ac_cv_header_inttypes_h=yes
ac_cv_header_memory_h=yes
ac_cv_header_stdc=yes
ac_cv_header_stdint_h=yes
ac_cv_header_stdlib_h=yes
ac_cv_header_string_h=yes
ac_cv_header_strings_h=yes
ac_cv_header_sys_stat_h=yes
ac_cv_header_sys_types_h=yes
ac_cv_header_unistd_h=yes
ac_cv_host=i386-apple-darwin13.1.0
ac_cv_objext=o
ac_cv_path_EGREP='/usr/bin/grep -E'
ac_cv_path_GREP=/usr/bin/grep
ac_cv_path_install='/usr/bin/install -c'
ac_cv_prog_CPP='gcc -E'
ac_cv_prog_ac_ct_CC=gcc
ac_cv_prog_cc_c89=
ac_cv_prog_cc_g=yes
ac_cv_prog_make_make_set=yes

## ----------------- ##
## Output variables. ##
## ----------------- ##

ALL_TARGET='all-native'
AUXDIR='$(libdir)/mit-scheme-x86-64'
AUXDIR_NAME='mit-scheme-x86-64'
CC='gcc'
CFLAGS='-g -O2'
CPP='gcc -E'
CPPFLAGS=''
DEFAULT_TARGET='all'
DEFS='-DPACKAGE_NAME=\"MIT/GNU\ Scheme\" -DPACKAGE_TARNAME=\"mit-scheme\" -DPACKAGE_VERSION=\"9.2\" -DPACKAGE_STRING=\"MIT/GNU\ Scheme\ 9.2\" -DPACKAGE_BUGREPORT=\"bug-mit-scheme@gnu.org\" -DPACKAGE_URL=\"\" -DSTDC_HEADERS=1 -DHAVE_SYS_TYPES_H=1 -DHAVE_SYS_STAT_H=1 -DHAVE_STDLIB_H=1 -DHAVE_STRING_H=1 -DHAVE_MEMORY_H=1 -DHAVE_STRINGS_H=1 -DHAVE_INTTYPES_H=1 -DHAVE_STDINT_H=1 -DHAVE_UNISTD_H=1'
ECHO_C='\c'
ECHO_N=''
ECHO_T=''
EGREP='/usr/bin/grep -E'
EXEEXT=''
GREP='/usr/bin/grep'
IF_CROSS='#'
IF_LIARC='#'
IF_SVM='#'
INSTALL_COM='$(INSTALL_DATA)'
INSTALL_DATA='${INSTALL} -m 644'
INSTALL_LIARC_BUNDLES=''
INSTALL_PROGRAM='${INSTALL}'
INSTALL_SCRIPT='${INSTALL}'
LDFLAGS=''
LIBOBJS=''
LIBS=''
LN_S='ln -s'
LTLIBOBJS=''
MIT_SCHEME_EXE='mit-scheme-x86-64'
OBJEXT='o'
PACKAGE_BUGREPORT='bug-mit-scheme@gnu.org'
PACKAGE_NAME='MIT/GNU Scheme'
PACKAGE_STRING='MIT/GNU Scheme 9.2'
PACKAGE_TARNAME='mit-scheme'
PACKAGE_URL=''
PACKAGE_VERSION='9.2'
PATH_SEPARATOR=':'
SET_MAKE=''
SHELL='/bin/sh'
ac_ct_CC='gcc'
bindir='${exec_prefix}/bin'
build='i386-apple-darwin13.1.0'
build_alias=''
build_cpu='i386'
build_os='darwin13.1.0'
build_vendor='apple'
datadir='${datarootdir}'
datarootdir='${prefix}/share'
docdir='${datarootdir}/doc/${PACKAGE_TARNAME}'
dvidir='${docdir}'
exec_prefix='${prefix}'
host='i386-apple-darwin13.1.0'
host_alias=''
host_cpu='i386'
host_os='darwin13.1.0'
host_vendor='apple'
htmldir='${docdir}'
includedir='${prefix}/include'
infodir='${datarootdir}/info'
libdir='${exec_prefix}/lib'
libexecdir='${exec_prefix}/libexec'
localedir='${datarootdir}/locale'
localstatedir='${prefix}/var'
mandir='${datarootdir}/man'
oldincludedir='/usr/include'
pdfdir='${docdir}'
prefix='/usr/local'
program_transform_name='s,x,x,'
psdir='${docdir}'
sbindir='${exec_prefix}/sbin'
sharedstatedir='${prefix}/com'
subdirs=' microcode'
sysconfdir='${prefix}/etc'
target_alias=''

## ----------- ##
## confdefs.h. ##
## ----------- ##

/* confdefs.h */
#define PACKAGE_NAME "MIT/GNU Scheme"
#define PACKAGE_TARNAME "mit-scheme"
#define PACKAGE_VERSION "9.2"
#define PACKAGE_STRING "MIT/GNU Scheme 9.2"
#define PACKAGE_BUGREPORT "bug-mit-scheme@gnu.org"
#define PACKAGE_URL ""
#define STDC_HEADERS 1
#define HAVE_SYS_TYPES_H 1
#define HAVE_SYS_STAT_H 1
#define HAVE_STDLIB_H 1
#define HAVE_STRING_H 1
#define HAVE_MEMORY_H 1
#define HAVE_STRINGS_H 1
#define HAVE_INTTYPES_H 1
#define HAVE_STDINT_H 1
#define HAVE_UNISTD_H 1

configure: exit 0
